2025-03-10 22:25:27.816 [info] read schema from vscode: vscode://schemas/settings/user
2025-03-10 22:25:27.825 [info] cancelled
2025-03-10 22:25:27.932 [info] read schema from vscode: vscode://schemas/settings/resourceLanguage
2025-03-10 22:25:27.933 [info] read schema from vscode: vscode://schemas/ignoredSettings
2025-03-10 22:25:27.943 [info] read schema from vscode: vscode://schemas/launch
2025-03-10 22:25:27.945 [info] read schema from vscode: vscode://schemas/token-styling
2025-03-10 22:25:27.946 [info] read schema from vscode: vscode://schemas/textmate-colors
2025-03-10 22:25:27.947 [info] read schema from vscode: vscode://schemas/workbench-colors
2025-03-10 22:25:28.855 [info] schema change detected vscode://schemas/settings/user
2025-03-10 22:25:28.857 [info] read schema from vscode: vscode://schemas/settings/user
2025-03-10 22:25:32.523 [info] schema change detected vscode://schemas/launch
2025-03-10 22:25:32.525 [info] read schema from vscode: vscode://schemas/settings/user
2025-03-10 22:25:32.610 [info] read schema from vscode: vscode://schemas/launch
2025-03-10 22:25:34.106 [info] read schema from vscode: vscode://schemas/settings/user
2025-03-10 22:25:34.198 [info] schema change detected vscode://schemas/settings/user
2025-03-10 22:25:34.262 [info] read schema from vscode: vscode://schemas/settings/resourceLanguage
2025-03-10 22:25:34.263 [info] read schema from vscode: vscode://schemas/ignoredSettings
2025-03-10 22:25:34.266 [info] read schema from vscode: vscode://schemas/launch
2025-03-10 22:25:34.268 [info] read schema from vscode: vscode://schemas/token-styling
2025-03-10 22:25:34.268 [info] read schema from vscode: vscode://schemas/textmate-colors
2025-03-10 22:25:34.269 [info] read schema from vscode: vscode://schemas/workbench-colors
2025-03-10 22:25:34.450 [info] cancelled
2025-03-10 22:25:34.452 [info] read schema from vscode: vscode://schemas/settings/user
2025-03-10 22:25:34.479 [info] schema change detected vscode://schemas/workbench-colors
2025-03-10 22:25:34.634 [info] read schema from vscode: vscode://schemas/workbench-colors
2025-03-10 22:25:34.702 [info] schema change detected vscode://schemas/workbench-colors
2025-03-10 22:25:34.730 [info] cancelled
2025-03-10 22:25:34.732 [info] read schema from vscode: vscode://schemas/settings/user
2025-03-10 22:25:34.807 [info] read schema from vscode: vscode://schemas/workbench-colors
2025-03-10 22:25:34.901 [info] cancelled
2025-03-10 22:25:35.115 [info] schema change detected vscode://schemas/settings/resourceLanguage
2025-03-10 22:25:35.118 [info] read schema from vscode: vscode://schemas/settings/user
2025-03-10 22:25:35.147 [info] schema change detected vscode://schemas/ignoredSettings
2025-03-10 22:25:35.215 [info] schema change detected vscode://schemas/settings/user
2025-03-10 22:25:35.233 [info] read schema from vscode: vscode://schemas/settings/resourceLanguage
2025-03-10 22:25:35.234 [info] read schema from vscode: vscode://schemas/ignoredSettings
2025-03-10 22:25:35.331 [info] cancelled
2025-03-10 22:25:35.332 [info] read schema from vscode: vscode://schemas/settings/user
2025-03-10 22:25:47.671 [info] schema change detected vscode://schemas/settings/user
2025-03-10 22:25:47.674 [info] read schema from vscode: vscode://schemas/settings/user
2025-03-10 22:25:51.625 [info] schema change detected vscode://schemas/settings/user
2025-03-10 22:25:52.645 [info] schema change detected vscode://schemas/settings/user
