2025-03-10 22:21:59.892 [info] Configuration changed
2025-03-10 22:23:30.632 [info] Active editor: file:///home/ye_yint/.now/DSA-with-dart/stacks/exercise.dart
2025-03-10 22:23:41.743 [info] Active editor: file:///home/ye_yint/.now/DSA-with-dart/linked_list/linklist.dart
2025-03-10 22:23:41.766 [info] /home/ye_yint/.now/DSA-with-dart/stacks/exercise.dart.git closed
2025-03-10 22:23:43.807 [info] Active editor: file:///home/ye_yint/.now/DSA-with-dart/stacks/exercise.dart
2025-03-10 22:23:43.820 [info] /home/ye_yint/.now/DSA-with-dart/linked_list/linklist.dart.git closed
2025-03-10 22:23:44.735 [info] Active editor: file:///home/ye_yint/.now/DSA-with-dart/linked_list/linklist.dart
2025-03-10 22:23:44.748 [info] /home/ye_yint/.now/DSA-with-dart/stacks/exercise.dart.git closed
2025-03-10 22:23:52.311 [info] Active editor: file:///home/ye_yint/.now/DSA-with-dart/stacks/exercise.dart
2025-03-10 22:23:52.329 [info] /home/ye_yint/.now/DSA-with-dart/linked_list/linklist.dart.git closed
2025-03-10 22:23:52.811 [info] Active editor: file:///home/ye_yint/.now/DSA-with-dart/linked_list/linklist.dart
2025-03-10 22:23:52.827 [info] /home/ye_yint/.now/DSA-with-dart/stacks/exercise.dart.git closed
2025-03-10 22:24:02.910 [info] Active editor: untitled:Untitled-1
2025-03-10 22:24:02.924 [info] /home/ye_yint/.now/DSA-with-dart/linked_list/linklist.dart.git closed
2025-03-10 22:24:15.149 [info] Executing :w test.dart
2025-03-10 22:24:22.393 [info] Untitled-1 closed
2025-03-10 22:24:22.398 [info] Active editor: file:///home/ye_yint/.now/DSA-with-dart/linked_list/linklist.dart
2025-03-10 22:24:34.452 [warning] invalid cursor position. [[14, 4] | [14, 4]].
2025-03-10 22:24:34.535 [warning] invalid cursor position. [[12, 4] | [12, 4]].
2025-03-10 22:24:34.693 [warning] invalid cursor position. [[8, 4] | [8, 4]].
2025-03-10 22:24:34.798 [warning] invalid cursor position. [[6, 4] | [6, 4]].
2025-03-10 22:24:35.261 [warning] invalid cursor position. [[6, 4] | [6, 4]].
2025-03-10 22:24:35.963 [warning] invalid cursor position. [[8, 4] | [8, 4]].
2025-03-10 22:24:36.118 [warning] invalid cursor position. [[12, 4] | [12, 4]].
2025-03-10 22:24:36.162 [warning] invalid cursor position. [[12, 4] | [12, 4]].
2025-03-10 22:24:47.746 [info] Configuration changed
2025-03-10 22:24:55.743 [info] /home/ye_yint/.now/DSA-with-dart/stacks/exercise.dart closed
2025-03-10 22:24:57.449 [info] /home/ye_yint/.now/DSA-with-dart/linked_list/linklist.dart.git closed
2025-03-10 22:25:27.106 [info] Active editor: vscode-userdata:/home/ye_yint/.config/Code/User/settings.json
2025-03-10 22:25:35.135 [info] Configuration changed
2025-03-10 22:25:44.669 [info] Configuration changed
2025-03-10 22:25:50.520 [info] Active editor: vscode-userdata:/home/ye_yint/.config/Code/User/settings.json
2025-03-10 22:25:53.033 [info] Active editor: file:///home/ye_yint/.now/DSA-with-dart/linked_list/linklist.dart
2025-03-10 22:25:54.586 [warning] invalid cursor position. [[20, 2] | [20, 2]].
2025-03-10 22:25:55.575 [warning] invalid cursor position. [[29, 2] | [29, 2]].
2025-03-10 22:25:55.861 [warning] invalid cursor position. [[36, 2] | [36, 2]].
2025-03-10 22:25:56.660 [warning] invalid cursor position. [[38, 4] | [38, 4]].
2025-03-10 22:25:57.398 [warning] invalid cursor position. [[41, 4] | [41, 4]].
2025-03-10 22:25:57.559 [warning] invalid cursor position. [[45, 4] | [45, 4]].
2025-03-10 22:25:57.765 [warning] invalid cursor position. [[50, 4] | [50, 4]].
2025-03-10 22:25:57.895 [warning] invalid cursor position. [[53, 4] | [53, 4]].
2025-03-10 22:25:58.139 [warning] invalid cursor position. [[59, 4] | [59, 4]].
2025-03-10 22:25:58.343 [warning] invalid cursor position. [[63, 4] | [63, 4]].
2025-03-10 22:25:58.418 [warning] invalid cursor position. [[64, 4] | [64, 4]].
2025-03-10 22:25:58.824 [warning] invalid cursor position. [[63, 4] | [63, 4]].
2025-03-10 22:25:59.603 [warning] invalid cursor position. [[59, 4] | [59, 4]].
2025-03-10 22:25:59.848 [warning] invalid cursor position. [[53, 4] | [53, 4]].
2025-03-10 22:26:09.591 [info] Active editor: file:///home/ye_yint/.now/DSA-with-dart/linked_list/test_linked_list.dart
2025-03-10 22:26:09.604 [info] /home/ye_yint/.now/DSA-with-dart/linked_list/linklist.dart.git closed
2025-03-10 22:26:11.911 [info] /home/ye_yint/.now/DSA-with-dart/linked_list/test_linked_list.dart closed
2025-03-10 22:26:11.928 [info] Active editor: file:///home/ye_yint/.now/DSA-with-dart/linked_list/node.dart
2025-03-10 22:26:11.944 [info] /home/ye_yint/.now/DSA-with-dart/linked_list/test_linked_list.dart.git closed
2025-03-10 22:26:13.522 [info] /home/ye_yint/.now/DSA-with-dart/linked_list/node.dart closed
2025-03-10 22:26:13.549 [info] Active editor: file:///home/ye_yint/.now/DSA-with-dart/stacks/exercise.dart
2025-03-10 22:26:13.564 [info] /home/ye_yint/.now/DSA-with-dart/linked_list/node.dart.git closed
2025-03-10 22:26:15.816 [info] /home/ye_yint/.now/DSA-with-dart/stacks/exercise.dart closed
2025-03-10 22:26:15.842 [info] Active editor: file:///home/ye_yint/.now/DSA-with-dart/stacks/stack.dart
2025-03-10 22:26:15.855 [info] /home/ye_yint/.now/DSA-with-dart/stacks/exercise.dart.git closed
2025-03-10 22:26:27.680 [warning] invalid cursor position. [[16, 15] | [16, 15]].
2025-03-10 22:26:27.839 [warning] invalid cursor position. [[20, 15] | [20, 15]].
2025-03-10 22:26:27.886 [warning] invalid cursor position. [[21, 15] | [21, 15]].
