2025-03-12 16:42:38.572 [info] [main] Log level: Info
2025-03-12 16:42:38.572 [info] [main] Validating found git in: "git"
2025-03-12 16:42:38.572 [info] [main] Using git "2.48.1" from "git"
2025-03-12 16:42:38.572 [info] [Model][doInitialScan] Initial repository scan started
2025-03-12 16:42:38.572 [info] > git rev-parse --show-toplevel [7ms]
2025-03-12 16:42:38.572 [info] > git rev-parse --git-dir --git-common-dir [10ms]
2025-03-12 16:42:38.572 [info] [Model][openRepository] Opened repository: /home/ye_yint/.now/DSA-with-dart
2025-03-12 16:42:38.574 [info] > git rev-parse --show-toplevel [39ms]
2025-03-12 16:42:38.575 [info] > git config --get commit.template [45ms]
2025-03-12 16:42:38.595 [info] > git rev-parse --show-toplevel [10ms]
2025-03-12 16:42:38.604 [info] > git for-each-ref --format=%(refname)%00%(upstream:short)%00%(objectname)%00%(upstream:track)%00%(upstream:remotename)%00%(upstream:remoteref) refs/heads/main refs/remotes/main [11ms]
2025-03-12 16:42:38.611 [warning] [Git][revParse] Unable to read file: ENOENT: no such file or directory, open '/home/ye_yint/.now/DSA-with-dart/.git/refs/remotes/origin/main'
2025-03-12 16:42:38.612 [info] > git rev-parse --show-toplevel [9ms]
2025-03-12 16:42:38.629 [info] > git rev-parse refs/remotes/origin/main [18ms]
2025-03-12 16:42:38.647 [info] > git status -z -uall [10ms]
2025-03-12 16:42:38.648 [info] > git rev-parse --show-toplevel [20ms]
2025-03-12 16:42:38.652 [info] [Model][doInitialScan] Initial repository scan completed - repositories (1), closed repositories (0), parent repositories (0), unsafe repositories (0)
2025-03-12 16:42:38.653 [info] > git for-each-ref --sort -committerdate --format %(refname) %(objectname) %(*objectname) [8ms]
2025-03-12 16:42:38.696 [info] > git for-each-ref --format=%(refname)%00%(upstream:short)%00%(objectname)%00%(upstream:track)%00%(upstream:remotename)%00%(upstream:remoteref) refs/heads/main refs/remotes/main [13ms]
2025-03-12 16:42:38.718 [info] > git config --get --local branch.main.vscode-merge-base [13ms]
2025-03-12 16:42:38.727 [info] > git config --get commit.template [32ms]
2025-03-12 16:42:38.735 [info] > git for-each-ref --format=%(refname)%00%(upstream:short)%00%(objectname)%00%(upstream:track)%00%(upstream:remotename)%00%(upstream:remoteref) refs/heads/origin/main refs/remotes/origin/main [9ms]
2025-03-12 16:42:38.745 [info] > git for-each-ref --format=%(refname)%00%(upstream:short)%00%(objectname)%00%(upstream:track)%00%(upstream:remotename)%00%(upstream:remoteref) refs/heads/main refs/remotes/main [11ms]
2025-03-12 16:42:38.754 [warning] [Git][revParse] Unable to read file: ENOENT: no such file or directory, open '/home/ye_yint/.now/DSA-with-dart/.git/refs/remotes/origin/main'
2025-03-12 16:42:38.755 [info] > git merge-base refs/heads/main refs/remotes/origin/main [11ms]
2025-03-12 16:42:38.763 [info] > git rev-parse refs/remotes/origin/main [9ms]
2025-03-12 16:42:38.777 [info] > git status -z -uall [7ms]
2025-03-12 16:42:38.777 [info] > git diff --name-status -z --diff-filter=ADMR 1341d4735985c34b2f405c406b4242220a889eb7...refs/remotes/origin/main [16ms]
2025-03-12 16:42:38.778 [info] > git for-each-ref --sort -committerdate --format %(refname) %(objectname) %(*objectname) [2ms]
2025-03-12 16:42:38.831 [info] > git show --textconv :stacks/stack.dart [9ms]
2025-03-12 16:42:38.832 [info] > git ls-files --stage -- /home/ye_yint/.now/DSA-with-dart/stacks/stack.dart [2ms]
2025-03-12 16:42:38.840 [info] > git cat-file -s eb91e728fb509505912d22f937419915f2d3ac69 [2ms]
2025-03-12 16:42:38.867 [info] > git blame --root --incremental 1341d4735985c34b2f405c406b4242220a889eb7 -- /home/ye_yint/.now/DSA-with-dart/stacks/stack.dart [3ms]
2025-03-12 16:42:39.089 [info] > git check-ignore -v -z --stdin [3ms]
2025-03-12 16:42:47.484 [info] > git show --textconv :linked_list/linklist.dart [9ms]
2025-03-12 16:42:47.486 [info] > git ls-files --stage -- /home/ye_yint/.now/DSA-with-dart/linked_list/linklist.dart [2ms]
2025-03-12 16:42:47.495 [info] > git cat-file -s dc92304cf331278e581c5d9e2d2071428a6928f4 [3ms]
2025-03-12 16:42:47.518 [info] > git blame --root --incremental 1341d4735985c34b2f405c406b4242220a889eb7 -- /home/ye_yint/.now/DSA-with-dart/linked_list/linklist.dart [3ms]
