2025-03-10 22:20:51.150 [info] [main] Log level: Info
2025-03-10 22:20:51.150 [info] [main] Validating found git in: "git"
2025-03-10 22:20:51.150 [info] [main] Using git "2.48.1" from "git"
2025-03-10 22:20:51.150 [info] [Model][doInitialScan] Initial repository scan started
2025-03-10 22:20:51.150 [info] > git rev-parse --show-toplevel [7ms]
2025-03-10 22:20:51.150 [info] > git rev-parse --git-dir --git-common-dir [2ms]
2025-03-10 22:20:51.150 [info] [Model][openRepository] Opened repository: /home/ye_yint/.now/DSA-with-dart
2025-03-10 22:20:51.166 [info] > git rev-parse --show-toplevel [3ms]
2025-03-10 22:20:51.168 [info] > git config --get commit.template [10ms]
2025-03-10 22:20:51.237 [info] > git rev-parse --show-toplevel [28ms]
2025-03-10 22:20:51.246 [info] > git for-each-ref --format=%(refname)%00%(upstream:short)%00%(objectname)%00%(upstream:track)%00%(upstream:remotename)%00%(upstream:remoteref) refs/heads/main refs/remotes/main [11ms]
2025-03-10 22:20:51.253 [warning] [Git][revParse] Unable to read file: ENOENT: no such file or directory, open '/home/ye_yint/.now/DSA-with-dart/.git/refs/remotes/origin/main'
2025-03-10 22:20:51.254 [info] > git rev-parse --show-toplevel [9ms]
2025-03-10 22:20:51.259 [info] [Model][doInitialScan] Initial repository scan completed - repositories (1), closed repositories (0), parent repositories (0), unsafe repositories (0)
2025-03-10 22:20:51.260 [info] > git rev-parse refs/remotes/origin/main [7ms]
2025-03-10 22:20:51.277 [info] > git status -z -uall [9ms]
2025-03-10 22:20:51.279 [info] > git for-each-ref --sort -committerdate --format %(refname) %(objectname) %(*objectname) [3ms]
2025-03-10 22:20:51.317 [info] > git for-each-ref --format=%(refname)%00%(upstream:short)%00%(objectname)%00%(upstream:track)%00%(upstream:remotename)%00%(upstream:remoteref) refs/heads/main refs/remotes/main [10ms]
2025-03-10 22:20:51.327 [info] > git config --get commit.template [9ms]
2025-03-10 22:20:51.327 [info] > git config --get --local branch.main.vscode-merge-base [2ms]
2025-03-10 22:20:51.327 [warning] [Git][config] git config failed: Failed to execute git
2025-03-10 22:20:51.339 [info] > git reflog main --grep-reflog=branch: Created from *. [6ms]
2025-03-10 22:20:51.345 [info] > git for-each-ref --format=%(refname)%00%(upstream:short)%00%(objectname)%00%(upstream:track)%00%(upstream:remotename)%00%(upstream:remoteref) refs/heads/main refs/remotes/main [7ms]
2025-03-10 22:20:51.350 [warning] [Git][revParse] Unable to read file: ENOENT: no such file or directory, open '/home/ye_yint/.now/DSA-with-dart/.git/refs/remotes/origin/main'
2025-03-10 22:20:51.351 [info] > git symbolic-ref --short refs/remotes/origin/HEAD [7ms]
2025-03-10 22:20:51.356 [info] > git rev-parse refs/remotes/origin/main [6ms]
2025-03-10 22:20:51.368 [info] > git status -z -uall [7ms]
2025-03-10 22:20:51.368 [info] > git for-each-ref --format=%(refname)%00%(upstream:short)%00%(objectname)%00%(upstream:track)%00%(upstream:remotename)%00%(upstream:remoteref) refs/heads/origin/main refs/remotes/origin/main [12ms]
2025-03-10 22:20:51.374 [info] > git for-each-ref --sort -committerdate --format %(refname) %(objectname) %(*objectname) [7ms]
2025-03-10 22:20:51.385 [info] > git config --add --local branch.main.vscode-merge-base origin/main [12ms]
2025-03-10 22:20:51.393 [info] > git for-each-ref --format=%(refname)%00%(upstream:short)%00%(objectname)%00%(upstream:track)%00%(upstream:remotename)%00%(upstream:remoteref) refs/heads/main refs/remotes/main [10ms]
2025-03-10 22:20:51.399 [info] > git config --get commit.template [7ms]
2025-03-10 22:20:51.405 [info] > git config --get --local branch.main.vscode-merge-base [7ms]
2025-03-10 22:20:51.411 [info] > git for-each-ref --format=%(refname)%00%(upstream:short)%00%(objectname)%00%(upstream:track)%00%(upstream:remotename)%00%(upstream:remoteref) refs/heads/main refs/remotes/main [7ms]
2025-03-10 22:20:51.416 [warning] [Git][revParse] Unable to read file: ENOENT: no such file or directory, open '/home/ye_yint/.now/DSA-with-dart/.git/refs/remotes/origin/main'
2025-03-10 22:20:51.417 [info] > git for-each-ref --format=%(refname)%00%(upstream:short)%00%(objectname)%00%(upstream:track)%00%(upstream:remotename)%00%(upstream:remoteref) refs/heads/origin/main refs/remotes/origin/main [7ms]
2025-03-10 22:20:51.426 [info] > git rev-parse refs/remotes/origin/main [10ms]
2025-03-10 22:20:51.438 [info] > git status -z -uall [6ms]
2025-03-10 22:20:51.438 [info] > git merge-base refs/heads/main refs/remotes/origin/main [13ms]
2025-03-10 22:20:51.444 [info] > git for-each-ref --sort -committerdate --format %(refname) %(objectname) %(*objectname) [7ms]
2025-03-10 22:20:51.461 [info] > git merge-base refs/heads/main refs/remotes/origin/main [7ms]
2025-03-10 22:20:51.468 [info] > git diff --name-status -z --diff-filter=ADMR 1341d4735985c34b2f405c406b4242220a889eb7...refs/remotes/origin/main [24ms]
2025-03-10 22:20:51.473 [info] > git diff --name-status -z --diff-filter=ADMR 1341d4735985c34b2f405c406b4242220a889eb7...refs/remotes/origin/main [5ms]
2025-03-10 22:20:51.474 [info] > git merge-base refs/heads/main refs/remotes/origin/main [14ms]
2025-03-10 22:20:51.484 [info] > git diff --name-status -z --diff-filter=ADMR 1341d4735985c34b2f405c406b4242220a889eb7...refs/remotes/origin/main [3ms]
2025-03-10 22:20:51.681 [info] > git check-ignore -v -z --stdin [3ms]
2025-03-10 22:20:52.493 [info] > git config --get commit.template [7ms]
2025-03-10 22:20:52.495 [info] > git for-each-ref --format=%(refname)%00%(upstream:short)%00%(objectname)%00%(upstream:track)%00%(upstream:remotename)%00%(upstream:remoteref) refs/heads/main refs/remotes/main [2ms]
2025-03-10 22:20:52.500 [warning] [Git][revParse] Unable to read file: ENOENT: no such file or directory, open '/home/ye_yint/.now/DSA-with-dart/.git/refs/remotes/origin/main'
2025-03-10 22:20:52.503 [info] > git rev-parse refs/remotes/origin/main [3ms]
2025-03-10 22:20:52.513 [info] > git status -z -uall [6ms]
2025-03-10 22:20:52.515 [info] > git for-each-ref --sort -committerdate --format %(refname) %(objectname) %(*objectname) [3ms]
2025-03-10 22:20:57.762 [info] > git check-ignore -v -z --stdin [2ms]
2025-03-10 22:20:58.605 [info] > git show --textconv :stacks/exercise.dart [10ms]
2025-03-10 22:20:58.607 [info] > git ls-files --stage -- /home/ye_yint/.now/DSA-with-dart/stacks/exercise.dart [3ms]
2025-03-10 22:20:58.617 [info] > git cat-file -s cc2885bc7fe81cc6b93b7aaad320b481251c38ef [3ms]
2025-03-10 22:20:59.149 [info] > git blame --root --incremental 1341d4735985c34b2f405c406b4242220a889eb7 -- /home/ye_yint/.now/DSA-with-dart/stacks/exercise.dart [3ms]
2025-03-10 22:23:30.876 [info] > git show --textconv :stacks/exercise.dart [11ms]
2025-03-10 22:23:30.878 [info] > git ls-files --stage -- /home/ye_yint/.now/DSA-with-dart/stacks/exercise.dart [2ms]
2025-03-10 22:23:30.887 [info] > git cat-file -s cc2885bc7fe81cc6b93b7aaad320b481251c38ef [2ms]
2025-03-10 22:23:41.526 [info] > git check-ignore -v -z --stdin [2ms]
2025-03-10 22:23:41.963 [info] > git show --textconv :linked_list/linklist.dart [8ms]
2025-03-10 22:23:41.965 [info] > git ls-files --stage -- /home/ye_yint/.now/DSA-with-dart/linked_list/linklist.dart [3ms]
2025-03-10 22:23:41.975 [info] > git cat-file -s dc92304cf331278e581c5d9e2d2071428a6928f4 [3ms]
2025-03-10 22:23:42.387 [info] > git blame --root --incremental 1341d4735985c34b2f405c406b4242220a889eb7 -- /home/ye_yint/.now/DSA-with-dart/linked_list/linklist.dart [4ms]
2025-03-10 22:23:44.027 [info] > git show --textconv :stacks/exercise.dart [9ms]
2025-03-10 22:23:44.029 [info] > git ls-files --stage -- /home/ye_yint/.now/DSA-with-dart/stacks/exercise.dart [2ms]
2025-03-10 22:23:44.039 [info] > git cat-file -s cc2885bc7fe81cc6b93b7aaad320b481251c38ef [3ms]
2025-03-10 22:23:44.961 [info] > git show --textconv :linked_list/linklist.dart [8ms]
2025-03-10 22:23:44.962 [info] > git ls-files --stage -- /home/ye_yint/.now/DSA-with-dart/linked_list/linklist.dart [2ms]
2025-03-10 22:23:44.970 [info] > git cat-file -s dc92304cf331278e581c5d9e2d2071428a6928f4 [2ms]
2025-03-10 22:23:52.533 [info] > git show --textconv :stacks/exercise.dart [7ms]
2025-03-10 22:23:52.534 [info] > git ls-files --stage -- /home/ye_yint/.now/DSA-with-dart/stacks/exercise.dart [2ms]
2025-03-10 22:23:52.544 [info] > git cat-file -s cc2885bc7fe81cc6b93b7aaad320b481251c38ef [3ms]
2025-03-10 22:23:53.031 [info] > git show --textconv :linked_list/linklist.dart [8ms]
2025-03-10 22:23:53.032 [info] > git ls-files --stage -- /home/ye_yint/.now/DSA-with-dart/linked_list/linklist.dart [2ms]
2025-03-10 22:23:53.042 [info] > git cat-file -s dc92304cf331278e581c5d9e2d2071428a6928f4 [2ms]
2025-03-10 22:24:22.625 [info] > git show --textconv :linked_list/linklist.dart [8ms]
2025-03-10 22:24:22.627 [info] > git ls-files --stage -- /home/ye_yint/.now/DSA-with-dart/linked_list/linklist.dart [3ms]
2025-03-10 22:24:22.638 [info] > git cat-file -s dc92304cf331278e581c5d9e2d2071428a6928f4 [3ms]
2025-03-10 22:25:53.254 [info] > git show --textconv :linked_list/linklist.dart [8ms]
2025-03-10 22:25:53.256 [info] > git ls-files --stage -- /home/ye_yint/.now/DSA-with-dart/linked_list/linklist.dart [3ms]
2025-03-10 22:25:53.269 [info] > git cat-file -s dc92304cf331278e581c5d9e2d2071428a6928f4 [3ms]
2025-03-10 22:26:09.813 [info] > git show --textconv :linked_list/test_linked_list.dart [10ms]
2025-03-10 22:26:09.815 [info] > git ls-files --stage -- /home/ye_yint/.now/DSA-with-dart/linked_list/test_linked_list.dart [3ms]
2025-03-10 22:26:09.826 [info] > git cat-file -s 5e2d9dbb0f1e931c6fb96d32bb3da0810ca05c44 [2ms]
2025-03-10 22:26:12.155 [info] > git show --textconv :linked_list/node.dart [9ms]
2025-03-10 22:26:12.157 [info] > git ls-files --stage -- /home/ye_yint/.now/DSA-with-dart/linked_list/node.dart [3ms]
2025-03-10 22:26:12.167 [info] > git cat-file -s 87267627940cc414fe0aed8777d7a0cdc6b5d7ef [3ms]
2025-03-10 22:26:13.767 [info] > git show --textconv :stacks/exercise.dart [8ms]
2025-03-10 22:26:13.768 [info] > git ls-files --stage -- /home/ye_yint/.now/DSA-with-dart/stacks/exercise.dart [2ms]
2025-03-10 22:26:13.778 [info] > git cat-file -s cc2885bc7fe81cc6b93b7aaad320b481251c38ef [2ms]
2025-03-10 22:26:16.064 [info] > git show --textconv :stacks/stack.dart [12ms]
2025-03-10 22:26:16.065 [info] > git ls-files --stage -- /home/ye_yint/.now/DSA-with-dart/stacks/stack.dart [4ms]
2025-03-10 22:26:16.077 [info] > git cat-file -s eb91e728fb509505912d22f937419915f2d3ac69 [2ms]
2025-03-10 22:26:18.387 [info] > git blame --root --incremental 1341d4735985c34b2f405c406b4242220a889eb7 -- /home/ye_yint/.now/DSA-with-dart/stacks/stack.dart [3ms]
