2025-03-12 17:26:03.213 [info] Configuration changed
2025-03-12 17:26:03.549 [info] Configuration changed
2025-03-12 17:26:04.037 [info] Configuration changed
2025-03-12 17:26:05.342 [info] Configuration changed
2025-03-12 17:26:05.615 [info] Configuration changed
2025-03-12 17:26:05.795 [info] Configuration changed
2025-03-12 17:26:09.991 [info] Active editor: file:///home/ye_yint/curiousty/lichess-mobile/lib/main.dart
2025-03-12 17:26:13.658 [info] /home/ye_yint/curiousty/lichess-mobile/lib/main.dart closed
2025-03-12 17:26:13.678 [info] Active editor: file:///home/ye_yint/curiousty/lichess-mobile/lib/firebase_options.dart
2025-03-12 17:26:13.696 [info] /home/ye_yint/curiousty/lichess-mobile/lib/main.dart.git closed
2025-03-12 17:27:22.850 [info] Active editor: untitled:Untitled-1
2025-03-12 17:27:22.870 [info] /home/ye_yint/curiousty/lichess-mobile/lib/firebase_options.dart.git closed
2025-03-12 17:27:34.946 [info] Untitled-1 closed
2025-03-12 17:27:34.953 [info] Active editor: file:///home/ye_yint/curiousty/lichess-mobile/lib/firebase_options.dart
2025-03-12 17:27:40.955 [info] Active editor: untitled:Untitled-1
2025-03-12 17:27:40.969 [info] /home/ye_yint/curiousty/lichess-mobile/lib/firebase_options.dart.git closed
2025-03-12 17:27:45.587 [info] Untitled-1 closed
2025-03-12 17:27:45.592 [info] Active editor: file:///home/ye_yint/curiousty/lichess-mobile/lib/firebase_options.dart
2025-03-12 17:28:00.515 [info] Active editor: untitled:Untitled-1
2025-03-12 17:28:00.531 [info] /home/ye_yint/curiousty/lichess-mobile/lib/firebase_options.dart.git closed
2025-03-12 17:28:09.551 [info] Untitled-1 closed
2025-03-12 17:28:09.556 [info] Active editor: file:///home/ye_yint/curiousty/lichess-mobile/lib/firebase_options.dart
2025-03-12 17:28:32.677 [info] /home/ye_yint/.config/Code/User/settings.json closed
2025-03-12 17:28:32.684 [info] Configuration changed
2025-03-12 17:28:42.156 [info] /home/ye_yint/curiousty/lichess-mobile/lib/firebase_options.dart closed
2025-03-12 17:28:42.182 [info] Active editor: file:///home/ye_yint/curiousty/lichess-mobile/lib/main.dart
2025-03-12 17:28:42.201 [info] /home/ye_yint/curiousty/lichess-mobile/lib/firebase_options.dart.git closed
2025-03-12 17:28:47.097 [info] /home/ye_yint/curiousty/lichess-mobile/lib/main.dart closed
2025-03-12 17:28:47.115 [info] Active editor: file:///home/ye_yint/curiousty/lichess-mobile/lib/firebase_options.dart
2025-03-12 17:28:47.131 [info] /home/ye_yint/curiousty/lichess-mobile/lib/main.dart.git closed
2025-03-12 17:29:18.790 [info] /home/ye_yint/curiousty/lichess-mobile/lib/firebase_options.dart closed
2025-03-12 17:29:18.808 [info] Active editor: file:///home/ye_yint/curiousty/lichess-mobile/lib/main.dart
2025-03-12 17:29:18.827 [info] /home/ye_yint/curiousty/lichess-mobile/lib/firebase_options.dart.git closed
2025-03-12 17:29:19.938 [info] /home/ye_yint/curiousty/lichess-mobile/lib/main.dart closed
2025-03-12 17:29:19.955 [info] Active editor: file:///home/ye_yint/curiousty/lichess-mobile/lib/firebase_options.dart
2025-03-12 17:29:19.970 [info] /home/ye_yint/curiousty/lichess-mobile/lib/main.dart.git closed
2025-03-12 17:29:33.091 [info] Executing :q
2025-03-12 17:29:35.935 [info] Executing :q
2025-03-12 17:30:00.584 [info] Configuration changed
2025-03-12 17:30:02.064 [info] Configuration changed
