2025-03-12 17:30:20.918 [info] [main] Log level: Info
2025-03-12 17:30:20.919 [info] [main] Validating found git in: "git"
2025-03-12 17:30:20.919 [info] [main] Using git "2.48.1" from "git"
2025-03-12 17:30:20.919 [info] [Model][doInitialScan] Initial repository scan started
2025-03-12 17:30:20.919 [info] > git rev-parse --show-toplevel [2ms]
2025-03-12 17:30:20.919 [info] > git rev-parse --git-dir --git-common-dir [3ms]
2025-03-12 17:30:20.919 [info] [Model][openRepository] Opened repository: /home/ye_yint/curiousty/lichess-mobile
2025-03-12 17:30:20.920 [info] > git rev-parse --show-toplevel [148ms]
2025-03-12 17:30:20.921 [info] > git config --get commit.template [154ms]
2025-03-12 17:30:20.976 [info] > git for-each-ref --format=%(refname)%00%(upstream:short)%00%(objectname)%00%(upstream:track)%00%(upstream:remotename)%00%(upstream:remoteref) refs/heads/main refs/remotes/main [3ms]
2025-03-12 17:30:21.015 [warning] [Git][revParse] Unable to read file: ENOENT: no such file or directory, open '/home/ye_yint/curiousty/lichess-mobile/.git/refs/remotes/origin/main'
2025-03-12 17:30:21.025 [info] > git rev-parse refs/remotes/origin/main [10ms]
2025-03-12 17:30:21.054 [info] > git status -z -uall [21ms]
2025-03-12 17:30:21.054 [info] > git for-each-ref --sort -committerdate --format %(refname) %(objectname) %(*objectname) [12ms]
2025-03-12 17:30:21.095 [info] > git for-each-ref --format=%(refname)%00%(upstream:short)%00%(objectname)%00%(upstream:track)%00%(upstream:remotename)%00%(upstream:remoteref) refs/heads/main refs/remotes/main [11ms]
2025-03-12 17:30:21.102 [info] > git rev-parse --show-toplevel [50ms]
2025-03-12 17:30:21.123 [info] > git config --get --local branch.main.vscode-merge-base [20ms]
2025-03-12 17:30:21.131 [info] > git config --get commit.template [37ms]
2025-03-12 17:30:21.134 [info] > git rev-parse --show-toplevel [12ms]
2025-03-12 17:30:21.157 [info] > git for-each-ref --format=%(refname)%00%(upstream:short)%00%(objectname)%00%(upstream:track)%00%(upstream:remotename)%00%(upstream:remoteref) refs/heads/origin/main refs/remotes/origin/main [26ms]
2025-03-12 17:30:21.174 [info] > git merge-base refs/heads/main refs/remotes/origin/main [6ms]
2025-03-12 17:30:21.184 [info] > git rev-parse --show-toplevel [28ms]
2025-03-12 17:30:21.185 [info] > git for-each-ref --format=%(refname)%00%(upstream:short)%00%(objectname)%00%(upstream:track)%00%(upstream:remotename)%00%(upstream:remoteref) refs/heads/main refs/remotes/main [37ms]
2025-03-12 17:30:21.207 [warning] [Git][revParse] Unable to read file: ENOENT: no such file or directory, open '/home/ye_yint/curiousty/lichess-mobile/.git/refs/remotes/origin/main'
2025-03-12 17:30:21.207 [info] > git diff --name-status -z --diff-filter=ADMR 408748bc0e1a2270d6ebdc6ba4577f7145f78331...refs/remotes/origin/main [23ms]
2025-03-12 17:30:21.210 [info] > git rev-parse refs/remotes/origin/main [4ms]
2025-03-12 17:30:21.233 [info] > git rev-parse --show-toplevel [36ms]
2025-03-12 17:30:21.249 [info] > git status -z -uall [28ms]
2025-03-12 17:30:21.253 [info] > git rev-parse --show-toplevel [6ms]
2025-03-12 17:30:21.253 [info] > git for-each-ref --sort -committerdate --format %(refname) %(objectname) %(*objectname) [21ms]
2025-03-12 17:30:21.291 [info] > git rev-parse --show-toplevel [17ms]
2025-03-12 17:30:21.306 [info] > git rev-parse --show-toplevel [4ms]
2025-03-12 17:30:21.320 [info] > git rev-parse --show-toplevel [3ms]
2025-03-12 17:30:21.332 [info] > git rev-parse --show-toplevel [2ms]
2025-03-12 17:30:21.343 [info] > git rev-parse --show-toplevel [3ms]
2025-03-12 17:30:21.354 [info] > git rev-parse --show-toplevel [2ms]
2025-03-12 17:30:21.359 [info] [Model][doInitialScan] Initial repository scan completed - repositories (1), closed repositories (0), parent repositories (0), unsafe repositories (0)
2025-03-12 17:30:21.378 [info] > git show --textconv :lib/firebase_options.dart [10ms]
2025-03-12 17:30:21.380 [info] > git ls-files --stage -- /home/ye_yint/curiousty/lichess-mobile/lib/firebase_options.dart [4ms]
2025-03-12 17:30:21.392 [info] > git cat-file -s ef113f652b8d20e953f520ea80105fa3a45f9ed2 [3ms]
2025-03-12 17:30:21.427 [info] > git check-ignore -v -z --stdin [4ms]
2025-03-12 17:30:21.472 [info] > git blame --root --incremental 408748bc0e1a2270d6ebdc6ba4577f7145f78331 -- /home/ye_yint/curiousty/lichess-mobile/lib/firebase_options.dart [34ms]
2025-03-12 17:31:24.994 [info] > git check-ignore -v -z --stdin [4ms]
2025-03-12 17:32:32.452 [info] > git show --textconv :lib/firebase_options.dart [12ms]
2025-03-12 17:32:32.455 [info] > git ls-files --stage -- /home/ye_yint/curiousty/lichess-mobile/lib/firebase_options.dart [3ms]
2025-03-12 17:32:32.468 [info] > git cat-file -s ef113f652b8d20e953f520ea80105fa3a45f9ed2 [3ms]
2025-03-12 17:32:54.250 [info] > git show --textconv :lib/firebase_options.dart [8ms]
2025-03-12 17:32:54.251 [info] > git ls-files --stage -- /home/ye_yint/curiousty/lichess-mobile/lib/firebase_options.dart [2ms]
2025-03-12 17:32:54.261 [info] > git cat-file -s ef113f652b8d20e953f520ea80105fa3a45f9ed2 [2ms]
