2025-03-12 17:26:05.883 [info] [main] Log level: Info
2025-03-12 17:26:05.883 [info] [main] Validating found git in: "git"
2025-03-12 17:26:05.883 [info] [main] Using git "2.48.1" from "git"
2025-03-12 17:26:05.883 [info] [Model][doInitialScan] Initial repository scan started
2025-03-12 17:26:05.883 [info] > git rev-parse --show-toplevel [7ms]
2025-03-12 17:26:05.883 [info] > git rev-parse --git-dir --git-common-dir [2ms]
2025-03-12 17:26:05.883 [info] [Model][openRepository] Opened repository: /home/ye_yint/curiousty/lichess-mobile
2025-03-12 17:26:05.896 [info] > git config --get commit.template [3ms]
2025-03-12 17:26:05.936 [info] > git for-each-ref --format=%(refname)%00%(upstream:short)%00%(objectname)%00%(upstream:track)%00%(upstream:remotename)%00%(upstream:remoteref) refs/heads/main refs/remotes/main [31ms]
2025-03-12 17:26:05.960 [warning] [Git][revParse] Unable to read file: ENOENT: no such file or directory, open '/home/ye_yint/curiousty/lichess-mobile/.git/refs/remotes/origin/main'
2025-03-12 17:26:05.969 [info] > git rev-parse refs/remotes/origin/main [9ms]
2025-03-12 17:26:05.985 [info] > git rev-parse --show-toplevel [17ms]
2025-03-12 17:26:05.994 [info] > git status -z -uall [18ms]
2025-03-12 17:26:05.995 [info] > git for-each-ref --sort -committerdate --format %(refname) %(objectname) %(*objectname) [12ms]
2025-03-12 17:26:06.039 [info] > git for-each-ref --format=%(refname)%00%(upstream:short)%00%(objectname)%00%(upstream:track)%00%(upstream:remotename)%00%(upstream:remoteref) refs/heads/main refs/remotes/main [13ms]
2025-03-12 17:26:06.049 [info] > git rev-parse --show-toplevel [55ms]
2025-03-12 17:26:06.062 [info] > git config --get --local branch.main.vscode-merge-base [15ms]
2025-03-12 17:26:06.069 [info] > git config --get commit.template [30ms]
2025-03-12 17:26:06.070 [info] > git rev-parse --show-toplevel [12ms]
2025-03-12 17:26:06.081 [info] > git for-each-ref --format=%(refname)%00%(upstream:short)%00%(objectname)%00%(upstream:track)%00%(upstream:remotename)%00%(upstream:remoteref) refs/heads/origin/main refs/remotes/origin/main [13ms]
2025-03-12 17:26:06.090 [info] > git rev-parse --show-toplevel [8ms]
2025-03-12 17:26:06.090 [info] > git for-each-ref --format=%(refname)%00%(upstream:short)%00%(objectname)%00%(upstream:track)%00%(upstream:remotename)%00%(upstream:remoteref) refs/heads/main refs/remotes/main [14ms]
2025-03-12 17:26:06.101 [warning] [Git][revParse] Unable to read file: ENOENT: no such file or directory, open '/home/ye_yint/curiousty/lichess-mobile/.git/refs/remotes/origin/main'
2025-03-12 17:26:06.101 [info] > git merge-base refs/heads/main refs/remotes/origin/main [13ms]
2025-03-12 17:26:06.109 [info] > git diff --name-status -z --diff-filter=ADMR 408748bc0e1a2270d6ebdc6ba4577f7145f78331...refs/remotes/origin/main [2ms]
2025-03-12 17:26:06.110 [info] > git rev-parse refs/remotes/origin/main [9ms]
2025-03-12 17:26:06.122 [info] > git rev-parse --show-toplevel [27ms]
2025-03-12 17:26:06.130 [info] > git status -z -uall [15ms]
2025-03-12 17:26:06.131 [info] > git for-each-ref --sort -committerdate --format %(refname) %(objectname) %(*objectname) [10ms]
2025-03-12 17:26:06.135 [info] > git rev-parse --show-toplevel [6ms]
2025-03-12 17:26:06.146 [info] > git rev-parse --show-toplevel [3ms]
2025-03-12 17:26:06.154 [info] > git rev-parse --show-toplevel [2ms]
2025-03-12 17:26:06.163 [info] > git rev-parse --show-toplevel [3ms]
2025-03-12 17:26:06.172 [info] > git rev-parse --show-toplevel [3ms]
2025-03-12 17:26:06.181 [info] > git rev-parse --show-toplevel [3ms]
2025-03-12 17:26:06.186 [info] [Model][doInitialScan] Initial repository scan completed - repositories (1), closed repositories (0), parent repositories (0), unsafe repositories (0)
2025-03-12 17:26:06.422 [info] > git check-ignore -v -z --stdin [2ms]
2025-03-12 17:26:08.926 [info] > git check-ignore -v -z --stdin [3ms]
2025-03-12 17:26:10.233 [info] > git show --textconv :lib/main.dart [10ms]
2025-03-12 17:26:10.235 [info] > git ls-files --stage -- /home/ye_yint/curiousty/lichess-mobile/lib/main.dart [3ms]
2025-03-12 17:26:10.247 [info] > git cat-file -s bbdfff2bf27092a9a0d5d0e7dd414cc62b0d0318 [4ms]
2025-03-12 17:26:13.898 [info] > git ls-files --stage -- /home/ye_yint/curiousty/lichess-mobile/lib/firebase_options.dart [3ms]
2025-03-12 17:26:13.906 [info] > git show --textconv :lib/firebase_options.dart [18ms]
2025-03-12 17:26:13.908 [info] > git cat-file -s ef113f652b8d20e953f520ea80105fa3a45f9ed2 [3ms]
2025-03-12 17:27:35.177 [info] > git show --textconv :lib/firebase_options.dart [10ms]
2025-03-12 17:27:35.179 [info] > git ls-files --stage -- /home/ye_yint/curiousty/lichess-mobile/lib/firebase_options.dart [3ms]
2025-03-12 17:27:35.189 [info] > git cat-file -s ef113f652b8d20e953f520ea80105fa3a45f9ed2 [3ms]
2025-03-12 17:27:45.813 [info] > git show --textconv :lib/firebase_options.dart [8ms]
2025-03-12 17:27:45.815 [info] > git ls-files --stage -- /home/ye_yint/curiousty/lichess-mobile/lib/firebase_options.dart [2ms]
2025-03-12 17:27:45.826 [info] > git cat-file -s ef113f652b8d20e953f520ea80105fa3a45f9ed2 [2ms]
2025-03-12 17:28:09.780 [info] > git show --textconv :lib/firebase_options.dart [11ms]
2025-03-12 17:28:09.781 [info] > git ls-files --stage -- /home/ye_yint/curiousty/lichess-mobile/lib/firebase_options.dart [3ms]
2025-03-12 17:28:09.791 [info] > git cat-file -s ef113f652b8d20e953f520ea80105fa3a45f9ed2 [3ms]
2025-03-12 17:28:35.430 [info] > git blame --root --incremental 408748bc0e1a2270d6ebdc6ba4577f7145f78331 -- /home/ye_yint/curiousty/lichess-mobile/lib/firebase_options.dart [92ms]
2025-03-12 17:28:42.407 [info] > git show --textconv :lib/main.dart [9ms]
2025-03-12 17:28:42.408 [info] > git ls-files --stage -- /home/ye_yint/curiousty/lichess-mobile/lib/main.dart [2ms]
2025-03-12 17:28:42.420 [info] > git cat-file -s bbdfff2bf27092a9a0d5d0e7dd414cc62b0d0318 [3ms]
2025-03-12 17:28:47.335 [info] > git show --textconv :lib/firebase_options.dart [10ms]
2025-03-12 17:28:47.336 [info] > git ls-files --stage -- /home/ye_yint/curiousty/lichess-mobile/lib/firebase_options.dart [2ms]
2025-03-12 17:28:47.348 [info] > git cat-file -s ef113f652b8d20e953f520ea80105fa3a45f9ed2 [4ms]
2025-03-12 17:29:19.030 [info] > git show --textconv :lib/main.dart [8ms]
2025-03-12 17:29:19.032 [info] > git ls-files --stage -- /home/ye_yint/curiousty/lichess-mobile/lib/main.dart [2ms]
2025-03-12 17:29:19.040 [info] > git cat-file -s bbdfff2bf27092a9a0d5d0e7dd414cc62b0d0318 [2ms]
2025-03-12 17:29:20.178 [info] > git show --textconv :lib/firebase_options.dart [9ms]
2025-03-12 17:29:20.180 [info] > git ls-files --stage -- /home/ye_yint/curiousty/lichess-mobile/lib/firebase_options.dart [2ms]
2025-03-12 17:29:20.189 [info] > git cat-file -s ef113f652b8d20e953f520ea80105fa3a45f9ed2 [1ms]
