2025-03-12 14:33:47.794 [info] Extension host with pid 40247 started
2025-03-12 14:33:47.794 [info] Skipping acquiring lock for /home/ye_yint/.config/Code/User/workspaceStorage/d693335f4e23b4c1f2319acefae2c48a.
2025-03-12 14:33:47.876 [info] ExtensionService#_doActivateExtension vscode.github-authentication, startup: false, activationEvent: 'onAuthenticationRequest:github'
2025-03-12 14:33:47.926 [info] ExtensionService#_doActivateExtension vscode.emmet, startup: false, activationEvent: 'onLanguage'
2025-03-12 14:33:48.036 [info] ExtensionService#_doActivateExtension vscode.git-base, startup: true, activationEvent: '*', root cause: vscode.git
2025-03-12 14:33:48.061 [info] ExtensionService#_doActivateExtension vscode.git, startup: true, activationEvent: '*'
2025-03-12 14:33:48.148 [info] ExtensionService#_doActivateExtension vscode.github, startup: true, activationEvent: '*'
2025-03-12 14:33:48.264 [info] Eager extensions activated
2025-03-12 14:33:48.289 [info] ExtensionService#_doActivateExtension vscode.debug-auto-launch, startup: false, activationEvent: 'onStartupFinished'
2025-03-12 14:33:48.292 [info] ExtensionService#_doActivateExtension vscode.merge-conflict, startup: false, activationEvent: 'onStartupFinished'
2025-03-12 14:33:48.314 [info] ExtensionService#_doActivateExtension vscodevim.vim, startup: false, activationEvent: 'onStartupFinished'
2025-03-12 14:37:37.191 [info] ExtensionService#_doActivateExtension vscode.configuration-editing, startup: false, activationEvent: 'onLanguage:jsonc'
2025-03-12 14:37:37.213 [info] ExtensionService#_doActivateExtension vscode.json-language-features, startup: false, activationEvent: 'onLanguage:jsonc'
2025-03-12 14:37:37.301 [info] ExtensionService#_doActivateExtension vscode.typescript-language-features, startup: false, activationEvent: 'onLanguage:jsonc'
2025-03-12 14:38:15.415 [info] Extension host terminating: renderer closed the MessagePort
2025-03-12 14:38:15.466 [error] Canceled: Canceled
	at new XR (file:///var/lib/snapd/snap/code/184/usr/share/code/resources/app/out/vs/workbench/api/node/extensionHostProcess.js:29:110406)
	at Uy.U (file:///var/lib/snapd/snap/code/184/usr/share/code/resources/app/out/vs/workbench/api/node/extensionHostProcess.js:29:115016)
	at s.<computed>.n.charCodeAt.s.<computed> (file:///var/lib/snapd/snap/code/184/usr/share/code/resources/app/out/vs/workbench/api/node/extensionHostProcess.js:29:112510)
	at mw.g (file:///var/lib/snapd/snap/code/184/usr/share/code/resources/app/out/vs/workbench/api/node/extensionHostProcess.js:112:32221)
	at mw.executeCommand (file:///var/lib/snapd/snap/code/184/usr/share/code/resources/app/out/vs/workbench/api/node/extensionHostProcess.js:112:31725)
	at r.registerCommand.description (file:///var/lib/snapd/snap/code/184/usr/share/code/resources/app/out/vs/workbench/api/node/extensionHostProcess.js:112:31055)
	at mw.h (file:///var/lib/snapd/snap/code/184/usr/share/code/resources/app/out/vs/workbench/api/node/extensionHostProcess.js:112:32741)
	at mw.g (file:///var/lib/snapd/snap/code/184/usr/share/code/resources/app/out/vs/workbench/api/node/extensionHostProcess.js:112:31818)
	at mw.executeCommand (file:///var/lib/snapd/snap/code/184/usr/share/code/resources/app/out/vs/workbench/api/node/extensionHostProcess.js:112:31725)
	at Object.executeCommand (file:///var/lib/snapd/snap/code/184/usr/share/code/resources/app/out/vs/workbench/api/node/extensionHostProcess.js:172:37254)
	at Ah.L [as value] (/var/lib/snapd/snap/code/184/usr/share/code/resources/app/extensions/git/dist/main.js:2:997602)
	at D.B (file:///var/lib/snapd/snap/code/184/usr/share/code/resources/app/out/vs/workbench/api/node/extensionHostProcess.js:27:2373)
	at D.C (file:///var/lib/snapd/snap/code/184/usr/share/code/resources/app/out/vs/workbench/api/node/extensionHostProcess.js:27:2443)
	at D.fire (file:///var/lib/snapd/snap/code/184/usr/share/code/resources/app/out/vs/workbench/api/node/extensionHostProcess.js:27:2660)
	at Object.p [as dispose] (/var/lib/snapd/snap/code/184/usr/share/code/resources/app/extensions/git/dist/main.js:2:1020242)
	at /var/lib/snapd/snap/code/184/usr/share/code/resources/app/extensions/git/dist/main.js:2:1026621
	at Array.forEach (<anonymous>)
	at b.dispose (/var/lib/snapd/snap/code/184/usr/share/code/resources/app/extensions/git/dist/main.js:2:1026607)
	at cv.<anonymous> (file:///var/lib/snapd/snap/code/184/usr/share/code/resources/app/out/vs/workbench/api/node/extensionHostProcess.js:106:20084)
	at cv.dispose (file:///var/lib/snapd/snap/code/184/usr/share/code/resources/app/out/vs/workbench/api/node/extensionHostProcess.js:106:20180)
	at cv.<anonymous> (/var/lib/snapd/snap/code/184/usr/share/code/resources/app/extensions/git/dist/main.js:2:1000086)
	at cv.dispose (file:///var/lib/snapd/snap/code/184/usr/share/code/resources/app/out/vs/workbench/api/node/extensionHostProcess.js:106:20180)
	at ui (file:///var/lib/snapd/snap/code/184/usr/share/code/resources/app/out/vs/workbench/api/node/extensionHostProcess.js:25:699)
	at file:///var/lib/snapd/snap/code/184/usr/share/code/resources/app/out/vs/workbench/api/node/extensionHostProcess.js:116:14992
	at file:///var/lib/snapd/snap/code/184/usr/share/code/resources/app/out/vs/workbench/api/node/extensionHostProcess.js:25:1009
	at Object.dispose (file:///var/lib/snapd/snap/code/184/usr/share/code/resources/app/out/vs/workbench/api/node/extensionHostProcess.js:8:705)
	at PW.eb (file:///var/lib/snapd/snap/code/184/usr/share/code/resources/app/out/vs/workbench/api/node/extensionHostProcess.js:116:11919)
	at file:///var/lib/snapd/snap/code/184/usr/share/code/resources/app/out/vs/workbench/api/node/extensionHostProcess.js:116:9874
	at Array.map (<anonymous>)
	at PW.$ (file:///var/lib/snapd/snap/code/184/usr/share/code/resources/app/out/vs/workbench/api/node/extensionHostProcess.js:116:9862)
	at PW.terminate (file:///var/lib/snapd/snap/code/184/usr/share/code/resources/app/out/vs/workbench/api/node/extensionHostProcess.js:116:10105)
	at wC.terminate (file:///var/lib/snapd/snap/code/184/usr/share/code/resources/app/out/vs/workbench/api/node/extensionHostProcess.js:117:1434)
	at ts (file:///var/lib/snapd/snap/code/184/usr/share/code/resources/app/out/vs/workbench/api/node/extensionHostProcess.js:190:15080)
	at MessagePortMain.<anonymous> (file:///var/lib/snapd/snap/code/184/usr/share/code/resources/app/out/vs/workbench/api/node/extensionHostProcess.js:190:11628)
	at MessagePortMain.emit (node:events:518:28)
	at MessagePortMain._internalPort.emit (node:electron/js2c/utility_init:2:2949) setContext undefined
2025-03-12 14:38:15.468 [error] Canceled: Canceled
	at new XR (file:///var/lib/snapd/snap/code/184/usr/share/code/resources/app/out/vs/workbench/api/node/extensionHostProcess.js:29:110406)
	at Uy.U (file:///var/lib/snapd/snap/code/184/usr/share/code/resources/app/out/vs/workbench/api/node/extensionHostProcess.js:29:115016)
	at s.<computed>.n.charCodeAt.s.<computed> (file:///var/lib/snapd/snap/code/184/usr/share/code/resources/app/out/vs/workbench/api/node/extensionHostProcess.js:29:112510)
	at mw.g (file:///var/lib/snapd/snap/code/184/usr/share/code/resources/app/out/vs/workbench/api/node/extensionHostProcess.js:112:32221)
	at mw.executeCommand (file:///var/lib/snapd/snap/code/184/usr/share/code/resources/app/out/vs/workbench/api/node/extensionHostProcess.js:112:31725)
	at r.registerCommand.description (file:///var/lib/snapd/snap/code/184/usr/share/code/resources/app/out/vs/workbench/api/node/extensionHostProcess.js:112:31055)
	at mw.h (file:///var/lib/snapd/snap/code/184/usr/share/code/resources/app/out/vs/workbench/api/node/extensionHostProcess.js:112:32741)
	at mw.g (file:///var/lib/snapd/snap/code/184/usr/share/code/resources/app/out/vs/workbench/api/node/extensionHostProcess.js:112:31818)
	at mw.executeCommand (file:///var/lib/snapd/snap/code/184/usr/share/code/resources/app/out/vs/workbench/api/node/extensionHostProcess.js:112:31725)
	at Object.executeCommand (file:///var/lib/snapd/snap/code/184/usr/share/code/resources/app/out/vs/workbench/api/node/extensionHostProcess.js:172:37254)
	at set hasGitHubRepositories (/var/lib/snapd/snap/code/184/usr/share/code/resources/app/extensions/github/dist/extension.js:2:344164)
	at /var/lib/snapd/snap/code/184/usr/share/code/resources/app/extensions/github/dist/extension.js:2:345123
	at Ah.value (/var/lib/snapd/snap/code/184/usr/share/code/resources/app/extensions/git/dist/main.js:2:1117802)
	at D.B (file:///var/lib/snapd/snap/code/184/usr/share/code/resources/app/out/vs/workbench/api/node/extensionHostProcess.js:27:2373)
	at D.C (file:///var/lib/snapd/snap/code/184/usr/share/code/resources/app/out/vs/workbench/api/node/extensionHostProcess.js:27:2443)
	at D.fire (file:///var/lib/snapd/snap/code/184/usr/share/code/resources/app/out/vs/workbench/api/node/extensionHostProcess.js:27:2660)
	at Object.p [as dispose] (/var/lib/snapd/snap/code/184/usr/share/code/resources/app/extensions/git/dist/main.js:2:1020242)
	at /var/lib/snapd/snap/code/184/usr/share/code/resources/app/extensions/git/dist/main.js:2:1026621
	at Array.forEach (<anonymous>)
	at b.dispose (/var/lib/snapd/snap/code/184/usr/share/code/resources/app/extensions/git/dist/main.js:2:1026607)
	at cv.<anonymous> (file:///var/lib/snapd/snap/code/184/usr/share/code/resources/app/out/vs/workbench/api/node/extensionHostProcess.js:106:20084)
	at cv.dispose (file:///var/lib/snapd/snap/code/184/usr/share/code/resources/app/out/vs/workbench/api/node/extensionHostProcess.js:106:20180)
	at cv.<anonymous> (/var/lib/snapd/snap/code/184/usr/share/code/resources/app/extensions/git/dist/main.js:2:1000086)
	at cv.dispose (file:///var/lib/snapd/snap/code/184/usr/share/code/resources/app/out/vs/workbench/api/node/extensionHostProcess.js:106:20180)
	at ui (file:///var/lib/snapd/snap/code/184/usr/share/code/resources/app/out/vs/workbench/api/node/extensionHostProcess.js:25:699)
	at file:///var/lib/snapd/snap/code/184/usr/share/code/resources/app/out/vs/workbench/api/node/extensionHostProcess.js:116:14992
	at file:///var/lib/snapd/snap/code/184/usr/share/code/resources/app/out/vs/workbench/api/node/extensionHostProcess.js:25:1009
	at Object.dispose (file:///var/lib/snapd/snap/code/184/usr/share/code/resources/app/out/vs/workbench/api/node/extensionHostProcess.js:8:705)
	at PW.eb (file:///var/lib/snapd/snap/code/184/usr/share/code/resources/app/out/vs/workbench/api/node/extensionHostProcess.js:116:11919)
	at file:///var/lib/snapd/snap/code/184/usr/share/code/resources/app/out/vs/workbench/api/node/extensionHostProcess.js:116:9874
	at Array.map (<anonymous>)
	at PW.$ (file:///var/lib/snapd/snap/code/184/usr/share/code/resources/app/out/vs/workbench/api/node/extensionHostProcess.js:116:9862)
	at PW.terminate (file:///var/lib/snapd/snap/code/184/usr/share/code/resources/app/out/vs/workbench/api/node/extensionHostProcess.js:116:10105)
	at wC.terminate (file:///var/lib/snapd/snap/code/184/usr/share/code/resources/app/out/vs/workbench/api/node/extensionHostProcess.js:117:1434)
	at ts (file:///var/lib/snapd/snap/code/184/usr/share/code/resources/app/out/vs/workbench/api/node/extensionHostProcess.js:190:15080)
	at MessagePortMain.<anonymous> (file:///var/lib/snapd/snap/code/184/usr/share/code/resources/app/out/vs/workbench/api/node/extensionHostProcess.js:190:11628)
	at MessagePortMain.emit (node:events:518:28)
	at MessagePortMain._internalPort.emit (node:electron/js2c/utility_init:2:2949) setContext undefined
2025-03-12 14:38:15.472 [info] Extension host with pid 40247 exiting with code 0
