2025-03-15 12:37:37.244 [info] Extension host with pid 9224 started
2025-03-15 12:37:37.276 [info] ExtensionService#_doActivateExtension vscode.github-authentication, startup: false, activationEvent: 'onAuthenticationRequest:github'
2025-03-15 12:37:37.311 [info] ExtensionService#_doActivateExtension vscode.emmet, startup: false, activationEvent: 'onLanguage'
2025-03-15 12:37:37.409 [info] ExtensionService#_doActivateExtension vscode.git-base, startup: true, activationEvent: '*'
2025-03-15 12:37:37.414 [info] ExtensionService#_doActivateExtension vscode.github, startup: true, activationEvent: '*'
2025-03-15 12:37:37.473 [info] Eager extensions activated
2025-03-15 12:37:37.474 [info] ExtensionService#_doActivateExtension vscode.debug-auto-launch, startup: false, activationEvent: 'onStartupFinished'
2025-03-15 12:37:37.478 [info] ExtensionService#_doActivateExtension vscode.merge-conflict, startup: false, activationEvent: 'onStartupFinished'
2025-03-15 12:37:37.504 [info] ExtensionService#_doActivateExtension vscodevim.vim, startup: false, activationEvent: 'onStartupFinished'
2025-03-15 12:37:50.391 [info] ExtensionService#_doActivateExtension vscode.git, startup: false, activationEvent: 'api', root cause: vscode.github
2025-03-15 12:38:24.975 [info] ExtensionService#_doActivateExtension Vue.volar, startup: false, activationEvent: 'onLanguage:vue'
2025-03-15 12:38:25.089 [info] ExtensionService#_doActivateExtension vscode.typescript-language-features, startup: false, activationEvent: 'api', root cause: Vue.volar
2025-03-15 12:38:40.053 [info] Extension host terminating: renderer closed the MessagePort
2025-03-15 12:38:40.106 [error] ProxyResolver#resolveProxy DIRECT Canceled: Canceled
	at jc (file:///var/lib/snapd/snap/code/184/usr/share/code/resources/app/out/vs/workbench/api/node/extensionHostProcess.js:7:1218)
	at file:///var/lib/snapd/snap/code/184/usr/share/code/resources/app/out/vs/workbench/api/node/extensionHostProcess.js:29:111857
	at Array.forEach (<anonymous>)
	at Uy.dispose (file:///var/lib/snapd/snap/code/184/usr/share/code/resources/app/out/vs/workbench/api/node/extensionHostProcess.js:29:111797)
	at PW.terminate (file:///var/lib/snapd/snap/code/184/usr/share/code/resources/app/out/vs/workbench/api/node/extensionHostProcess.js:116:10082)
	at wC.terminate (file:///var/lib/snapd/snap/code/184/usr/share/code/resources/app/out/vs/workbench/api/node/extensionHostProcess.js:117:1434)
	at ts (file:///var/lib/snapd/snap/code/184/usr/share/code/resources/app/out/vs/workbench/api/node/extensionHostProcess.js:190:15080)
	at MessagePortMain.<anonymous> (file:///var/lib/snapd/snap/code/184/usr/share/code/resources/app/out/vs/workbench/api/node/extensionHostProcess.js:190:11628)
	at MessagePortMain.emit (node:events:518:28)
	at MessagePortMain._internalPort.emit (node:electron/js2c/utility_init:2:2949) 
2025-03-15 12:38:40.162 [info] Extension host with pid 9224 exiting with code 0
