2025-03-12 17:30:21.287 [info] Configuration changed
2025-03-12 17:30:21.527 [info] Configuration changed
2025-03-12 17:30:22.148 [info] Configuration changed
2025-03-12 17:30:23.736 [info] Configuration changed
2025-03-12 17:30:29.294 [info] /home/ye_yint/.config/Code/User/settings.json closed
2025-03-12 17:30:29.299 [info] Configuration changed
2025-03-12 17:30:29.817 [warning] invalid cursor position. [[56, 33] | [56, 33]].
2025-03-12 17:30:30.471 [warning] invalid cursor position. [[57, 33] | [57, 33]].
2025-03-12 17:30:30.667 [warning] invalid cursor position. [[62, 33] | [62, 33]].
2025-03-12 17:30:30.753 [warning] invalid cursor position. [[64, 33] | [64, 33]].
2025-03-12 17:30:30.869 [warning] invalid cursor position. [[67, 33] | [67, 33]].
2025-03-12 17:30:30.911 [warning] invalid cursor position. [[68, 33] | [68, 33]].
2025-03-12 17:30:30.953 [warning] invalid cursor position. [[69, 33] | [69, 33]].
2025-03-12 17:30:35.111 [warning] invalid cursor position. [[5, 3] | [5, 3]].
2025-03-12 17:31:01.433 [warning] invalid cursor position. [[57, 2] | [57, 2]].
2025-03-12 17:31:01.756 [warning] invalid cursor position. [[49, 2] | [49, 2]].
2025-03-12 17:32:27.647 [info] /home/ye_yint/curiousty/lichess-mobile/lib/firebase_options.dart.git closed
2025-03-12 17:32:32.227 [info] Active editor: file:///home/ye_yint/curiousty/lichess-mobile/lib/firebase_options.dart
2025-03-12 17:32:41.893 [info] /home/ye_yint/curiousty/lichess-mobile/lib/firebase_options.dart.git closed
2025-03-12 17:32:51.994 [info] /home/ye_yint/.config/Code/User/settings.json closed
2025-03-12 17:32:52.017 [info] Configuration changed
2025-03-12 17:32:54.024 [info] Active editor: file:///home/ye_yint/curiousty/lichess-mobile/lib/firebase_options.dart
