2025-03-14 09:43:01.521 [info] [main] Log level: Info
2025-03-14 09:43:01.521 [info] [main] Validating found git in: "git"
2025-03-14 09:43:01.521 [info] [main] Using git "2.48.1" from "git"
2025-03-14 09:43:01.521 [info] [Model][doInitialScan] Initial repository scan started
2025-03-14 09:43:01.522 [info] > git rev-parse --show-toplevel [6ms]
2025-03-14 09:43:01.522 [info] > git rev-parse --git-dir --git-common-dir [10ms]
2025-03-14 09:43:01.522 [info] [Model][openRepository] Opened repository: /home/ye_yint/curiousty/lichess-mobile
2025-03-14 09:43:01.523 [info] > git rev-parse --show-toplevel [23ms]
2025-03-14 09:43:01.523 [info] > git config --get commit.template [29ms]
2025-03-14 09:43:01.551 [info] > git for-each-ref --format=%(refname)%00%(upstream:short)%00%(objectname)%00%(upstream:track)%00%(upstream:remotename)%00%(upstream:remoteref) refs/heads/main refs/remotes/main [15ms]
2025-03-14 09:43:01.551 [info] > git rev-parse --show-toplevel [7ms]
2025-03-14 09:43:01.558 [warning] [Git][revParse] Unable to read file: ENOENT: no such file or directory, open '/home/ye_yint/curiousty/lichess-mobile/.git/refs/remotes/origin/main'
2025-03-14 09:43:01.564 [info] > git rev-parse refs/remotes/origin/main [7ms]
2025-03-14 09:43:01.581 [info] > git status -z -uall [11ms]
2025-03-14 09:43:01.582 [info] > git rev-parse --show-toplevel [19ms]
2025-03-14 09:43:01.590 [info] > git for-each-ref --sort -committerdate --format %(refname) %(objectname) %(*objectname) [11ms]
2025-03-14 09:43:01.646 [info] > git for-each-ref --format=%(refname)%00%(upstream:short)%00%(objectname)%00%(upstream:track)%00%(upstream:remotename)%00%(upstream:remoteref) refs/heads/main refs/remotes/main [23ms]
2025-03-14 09:43:01.656 [info] > git rev-parse --show-toplevel [66ms]
2025-03-14 09:43:01.667 [info] > git config --get --local branch.main.vscode-merge-base [12ms]
2025-03-14 09:43:01.677 [info] > git config --get commit.template [31ms]
2025-03-14 09:43:01.679 [info] > git for-each-ref --format=%(refname)%00%(upstream:short)%00%(objectname)%00%(upstream:track)%00%(upstream:remotename)%00%(upstream:remoteref) refs/heads/origin/main refs/remotes/origin/main [3ms]
2025-03-14 09:43:01.688 [info] > git rev-parse --show-toplevel [22ms]
2025-03-14 09:43:01.707 [info] > git rev-parse --show-toplevel [4ms]
2025-03-14 09:43:01.708 [info] > git for-each-ref --format=%(refname)%00%(upstream:short)%00%(objectname)%00%(upstream:track)%00%(upstream:remotename)%00%(upstream:remoteref) refs/heads/main refs/remotes/main [11ms]
2025-03-14 09:43:01.708 [info] > git merge-base refs/heads/main refs/remotes/origin/main [21ms]
2025-03-14 09:43:01.729 [warning] [Git][revParse] Unable to read file: ENOENT: no such file or directory, open '/home/ye_yint/curiousty/lichess-mobile/.git/refs/remotes/origin/main'
2025-03-14 09:43:01.731 [info] > git rev-parse refs/remotes/origin/main [2ms]
2025-03-14 09:43:01.743 [info] > git rev-parse --show-toplevel [20ms]
2025-03-14 09:43:01.743 [info] > git diff --name-status -z --diff-filter=ADMR 408748bc0e1a2270d6ebdc6ba4577f7145f78331...refs/remotes/origin/main [27ms]
2025-03-14 09:43:01.751 [info] > git status -z -uall [14ms]
2025-03-14 09:43:01.751 [info] > git for-each-ref --sort -committerdate --format %(refname) %(objectname) %(*objectname) [9ms]
2025-03-14 09:43:01.760 [info] > git rev-parse --show-toplevel [10ms]
2025-03-14 09:43:01.770 [info] > git rev-parse --show-toplevel [2ms]
2025-03-14 09:43:01.781 [info] > git rev-parse --show-toplevel [2ms]
2025-03-14 09:43:01.789 [info] > git rev-parse --show-toplevel [2ms]
2025-03-14 09:43:01.798 [info] > git rev-parse --show-toplevel [2ms]
2025-03-14 09:43:01.803 [info] [Model][doInitialScan] Initial repository scan completed - repositories (1), closed repositories (0), parent repositories (0), unsafe repositories (0)
2025-03-14 09:43:01.931 [info] > git ls-files --stage -- /home/ye_yint/curiousty/lichess-mobile/lib/firebase_options.dart [3ms]
2025-03-14 09:43:01.937 [info] > git show --textconv :lib/firebase_options.dart [16ms]
2025-03-14 09:43:01.939 [info] > git cat-file -s ef113f652b8d20e953f520ea80105fa3a45f9ed2 [2ms]
2025-03-14 09:43:02.043 [info] > git blame --root --incremental 408748bc0e1a2270d6ebdc6ba4577f7145f78331 -- /home/ye_yint/curiousty/lichess-mobile/lib/firebase_options.dart [78ms]
2025-03-14 09:43:02.058 [info] > git check-ignore -v -z --stdin [26ms]
2025-03-14 09:43:10.498 [info] > git show --textconv :lib/firebase_options.dart [20ms]
2025-03-14 09:43:10.500 [info] > git ls-files --stage -- /home/ye_yint/curiousty/lichess-mobile/lib/firebase_options.dart [4ms]
2025-03-14 09:43:10.515 [info] > git cat-file -s ef113f652b8d20e953f520ea80105fa3a45f9ed2 [4ms]
2025-03-14 09:43:27.719 [info] > git show --textconv :lib/firebase_options.dart [8ms]
2025-03-14 09:43:27.720 [info] > git ls-files --stage -- /home/ye_yint/curiousty/lichess-mobile/lib/firebase_options.dart [2ms]
2025-03-14 09:43:27.730 [info] > git cat-file -s ef113f652b8d20e953f520ea80105fa3a45f9ed2 [3ms]
