2025-03-12 14:33:48.011 [info] Reading sessions from keychain...
2025-03-12 14:33:48.011 [info] Getting sessions for all scopes...
2025-03-12 14:33:48.011 [info] Getting sessions for all scopes...
2025-03-12 14:33:48.011 [info] Got 0 sessions for ...
2025-03-12 14:33:48.011 [info] Got 0 sessions for ...
2025-03-12 14:33:48.011 [info] Getting sessions for all scopes...
2025-03-12 14:33:48.011 [info] Got 0 sessions for ...
2025-03-12 14:33:48.011 [info] Getting sessions for all scopes...
2025-03-12 14:33:48.011 [info] Got 0 sessions for ...
2025-03-12 14:33:48.011 [info] Getting sessions for all scopes...
2025-03-12 14:33:48.011 [info] Got 0 sessions for ...
2025-03-12 14:33:48.011 [info] Getting sessions for all scopes...
2025-03-12 14:33:48.011 [info] Got 0 sessions for ...
2025-03-12 14:33:48.011 [info] Getting sessions for all scopes...
2025-03-12 14:33:48.011 [info] Got 0 sessions for ...
2025-03-12 14:33:48.043 [info] Getting sessions for all scopes...
2025-03-12 14:33:48.043 [info] Got 0 sessions for ...
2025-03-12 14:33:48.674 [info] Getting sessions for read:user,repo,user:email,workflow...
2025-03-12 14:33:48.674 [info] Got 0 sessions for read:user,repo,user:email,workflow...
2025-03-12 14:33:49.551 [info] Getting sessions for all scopes...
2025-03-12 14:33:49.551 [info] Got 0 sessions for ...
