2025-03-12 14:33:48.502 [info] [main] Log level: Info
2025-03-12 14:33:48.502 [info] [main] Validating found git in: "git"
2025-03-12 14:33:48.502 [info] [main] Using git "2.48.1" from "git"
2025-03-12 14:33:48.502 [info] [Model][doInitialScan] Initial repository scan started
2025-03-12 14:33:48.502 [info] > git rev-parse --show-toplevel [10ms]
2025-03-12 14:33:48.502 [info] > git rev-parse --git-dir --git-common-dir [6ms]
2025-03-12 14:33:48.502 [info] [Model][openRepository] Opened repository: /home/ye_yint/.now/DSA-with-dart
2025-03-12 14:33:48.555 [info] > git rev-parse --show-toplevel [39ms]
2025-03-12 14:33:48.556 [info] > git config --get commit.template [46ms]
2025-03-12 14:33:48.577 [info] > git rev-parse --show-toplevel [12ms]
2025-03-12 14:33:48.586 [info] > git for-each-ref --format=%(refname)%00%(upstream:short)%00%(objectname)%00%(upstream:track)%00%(upstream:remotename)%00%(upstream:remoteref) refs/heads/main refs/remotes/main [11ms]
2025-03-12 14:33:48.594 [warning] [Git][revParse] Unable to read file: ENOENT: no such file or directory, open '/home/ye_yint/.now/DSA-with-dart/.git/refs/remotes/origin/main'
2025-03-12 14:33:48.594 [info] > git rev-parse --show-toplevel [10ms]
2025-03-12 14:33:48.611 [info] > git rev-parse refs/remotes/origin/main [18ms]
2025-03-12 14:33:48.627 [info] > git status -z -uall [9ms]
2025-03-12 14:33:48.628 [info] > git rev-parse --show-toplevel [17ms]
2025-03-12 14:33:48.632 [info] [Model][doInitialScan] Initial repository scan completed - repositories (1), closed repositories (0), parent repositories (0), unsafe repositories (0)
2025-03-12 14:33:48.633 [info] > git for-each-ref --sort -committerdate --format %(refname) %(objectname) %(*objectname) [8ms]
2025-03-12 14:33:48.665 [info] > git for-each-ref --format=%(refname)%00%(upstream:short)%00%(objectname)%00%(upstream:track)%00%(upstream:remotename)%00%(upstream:remoteref) refs/heads/main refs/remotes/main [9ms]
2025-03-12 14:33:48.673 [info] > git config --get commit.template [9ms]
2025-03-12 14:33:48.674 [info] > git config --get --local branch.main.vscode-merge-base [2ms]
2025-03-12 14:33:48.687 [info] > git for-each-ref --format=%(refname)%00%(upstream:short)%00%(objectname)%00%(upstream:track)%00%(upstream:remotename)%00%(upstream:remoteref) refs/heads/origin/main refs/remotes/origin/main [6ms]
2025-03-12 14:33:48.695 [info] > git for-each-ref --format=%(refname)%00%(upstream:short)%00%(objectname)%00%(upstream:track)%00%(upstream:remotename)%00%(upstream:remoteref) refs/heads/main refs/remotes/main [8ms]
2025-03-12 14:33:48.700 [warning] [Git][revParse] Unable to read file: ENOENT: no such file or directory, open '/home/ye_yint/.now/DSA-with-dart/.git/refs/remotes/origin/main'
2025-03-12 14:33:48.700 [info] > git merge-base refs/heads/main refs/remotes/origin/main [7ms]
2025-03-12 14:33:48.707 [info] > git rev-parse refs/remotes/origin/main [7ms]
2025-03-12 14:33:48.719 [info] > git status -z -uall [6ms]
2025-03-12 14:33:48.719 [info] > git diff --name-status -z --diff-filter=ADMR 1341d4735985c34b2f405c406b4242220a889eb7...refs/remotes/origin/main [13ms]
2025-03-12 14:33:48.720 [info] > git for-each-ref --sort -committerdate --format %(refname) %(objectname) %(*objectname) [2ms]
2025-03-12 14:33:48.818 [info] > git show --textconv :stacks/stack.dart [7ms]
2025-03-12 14:33:48.819 [info] > git ls-files --stage -- /home/ye_yint/.now/DSA-with-dart/stacks/stack.dart [2ms]
2025-03-12 14:33:48.826 [info] > git cat-file -s eb91e728fb509505912d22f937419915f2d3ac69 [2ms]
2025-03-12 14:33:48.851 [info] > git blame --root --incremental 1341d4735985c34b2f405c406b4242220a889eb7 -- /home/ye_yint/.now/DSA-with-dart/stacks/stack.dart [3ms]
2025-03-12 14:33:49.067 [info] > git check-ignore -v -z --stdin [2ms]
2025-03-12 14:37:38.463 [info] > git show --textconv :linked_list/linklist.dart [11ms]
2025-03-12 14:37:38.465 [info] > git ls-files --stage -- /home/ye_yint/.now/DSA-with-dart/linked_list/linklist.dart [4ms]
2025-03-12 14:37:38.475 [info] > git cat-file -s dc92304cf331278e581c5d9e2d2071428a6928f4 [2ms]
2025-03-12 14:37:38.495 [info] > git blame --root --incremental 1341d4735985c34b2f405c406b4242220a889eb7 -- /home/ye_yint/.now/DSA-with-dart/linked_list/linklist.dart [3ms]
