2025-03-12 14:41:31.690 [info] [main] Log level: Info
2025-03-12 14:41:31.690 [info] [main] Validating found git in: "git"
2025-03-12 14:41:31.690 [info] [main] Using git "2.48.1" from "git"
2025-03-12 14:41:31.690 [info] [Model][doInitialScan] Initial repository scan started
2025-03-12 14:41:31.690 [info] > git rev-parse --show-toplevel [6ms]
2025-03-12 14:41:31.690 [info] > git rev-parse --git-dir --git-common-dir [11ms]
2025-03-12 14:41:31.690 [info] [Model][openRepository] Opened repository: /home/ye_yint/.now/DSA-with-dart
2025-03-12 14:41:31.692 [info] > git rev-parse --show-toplevel [24ms]
2025-03-12 14:41:31.693 [info] > git config --get commit.template [30ms]
2025-03-12 14:41:31.707 [info] > git rev-parse --show-toplevel [8ms]
2025-03-12 14:41:31.713 [info] > git for-each-ref --format=%(refname)%00%(upstream:short)%00%(objectname)%00%(upstream:track)%00%(upstream:remotename)%00%(upstream:remoteref) refs/heads/main refs/remotes/main [7ms]
2025-03-12 14:41:31.725 [warning] [Git][revParse] Unable to read file: ENOENT: no such file or directory, open '/home/ye_yint/.now/DSA-with-dart/.git/refs/remotes/origin/main'
2025-03-12 14:41:31.725 [info] > git rev-parse --show-toplevel [12ms]
2025-03-12 14:41:31.732 [info] > git rev-parse refs/remotes/origin/main [7ms]
2025-03-12 14:41:31.746 [info] > git status -z -uall [8ms]
2025-03-12 14:41:31.747 [info] > git rev-parse --show-toplevel [15ms]
2025-03-12 14:41:31.750 [info] [Model][doInitialScan] Initial repository scan completed - repositories (1), closed repositories (0), parent repositories (0), unsafe repositories (0)
2025-03-12 14:41:31.752 [info] > git for-each-ref --sort -committerdate --format %(refname) %(objectname) %(*objectname) [7ms]
2025-03-12 14:41:31.781 [info] > git for-each-ref --format=%(refname)%00%(upstream:short)%00%(objectname)%00%(upstream:track)%00%(upstream:remotename)%00%(upstream:remoteref) refs/heads/main refs/remotes/main [8ms]
2025-03-12 14:41:31.789 [info] > git config --get commit.template [8ms]
2025-03-12 14:41:31.790 [info] > git config --get --local branch.main.vscode-merge-base [3ms]
2025-03-12 14:41:31.804 [info] > git for-each-ref --format=%(refname)%00%(upstream:short)%00%(objectname)%00%(upstream:track)%00%(upstream:remotename)%00%(upstream:remoteref) refs/heads/origin/main refs/remotes/origin/main [7ms]
2025-03-12 14:41:31.813 [info] > git for-each-ref --format=%(refname)%00%(upstream:short)%00%(objectname)%00%(upstream:track)%00%(upstream:remotename)%00%(upstream:remoteref) refs/heads/main refs/remotes/main [10ms]
2025-03-12 14:41:31.829 [warning] [Git][revParse] Unable to read file: ENOENT: no such file or directory, open '/home/ye_yint/.now/DSA-with-dart/.git/refs/remotes/origin/main'
2025-03-12 14:41:31.830 [info] > git merge-base refs/heads/main refs/remotes/origin/main [18ms]
2025-03-12 14:41:31.839 [info] > git rev-parse refs/remotes/origin/main [9ms]
2025-03-12 14:41:31.853 [info] > git status -z -uall [8ms]
2025-03-12 14:41:31.854 [info] > git diff --name-status -z --diff-filter=ADMR 1341d4735985c34b2f405c406b4242220a889eb7...refs/remotes/origin/main [17ms]
2025-03-12 14:41:31.855 [info] > git for-each-ref --sort -committerdate --format %(refname) %(objectname) %(*objectname) [4ms]
2025-03-12 14:41:31.972 [info] > git show --textconv :linked_list/linklist.dart [6ms]
2025-03-12 14:41:31.974 [info] > git ls-files --stage -- /home/ye_yint/.now/DSA-with-dart/linked_list/linklist.dart [2ms]
2025-03-12 14:41:31.983 [info] > git cat-file -s dc92304cf331278e581c5d9e2d2071428a6928f4 [3ms]
2025-03-12 14:41:32.009 [info] > git blame --root --incremental 1341d4735985c34b2f405c406b4242220a889eb7 -- /home/ye_yint/.now/DSA-with-dart/linked_list/linklist.dart [4ms]
2025-03-12 14:41:32.182 [info] > git check-ignore -v -z --stdin [2ms]
